21/01/20 16:56:04 WARN NativeCodeLoader: Unable to load native-hadoop library for your platform... using builtin-java classes where applicable
21/01/20 16:56:10 INFO SparkContext: Running Spark version 2.4.5
21/01/20 16:56:10 INFO SparkContext: Submitted application: sparklyr
21/01/20 16:56:11 INFO SecurityManager: Changing view acls to: user
21/01/20 16:56:11 INFO SecurityManager: Changing modify acls to: user
21/01/20 16:56:11 INFO SecurityManager: Changing view acls groups to: 
21/01/20 16:56:11 INFO SecurityManager: Changing modify acls groups to: 
21/01/20 16:56:11 INFO SecurityManager: SecurityManager: authentication disabled; ui acls disabled; users  with view permissions: Set(user); groups with view permissions: Set(); users  with modify permissions: Set(user); groups with modify permissions: Set()
21/01/20 16:56:11 INFO Utils: Successfully started service 'sparkDriver' on port 53478.
21/01/20 16:56:11 INFO SparkEnv: Registering MapOutputTracker
21/01/20 16:56:11 INFO SparkEnv: Registering BlockManagerMaster
21/01/20 16:56:11 INFO BlockManagerMasterEndpoint: Using org.apache.spark.storage.DefaultTopologyMapper for getting topology information
21/01/20 16:56:11 INFO BlockManagerMasterEndpoint: BlockManagerMasterEndpoint up
21/01/20 16:56:11 INFO DiskBlockManager: Created local directory at /private/var/folders/15/zbncmf2j23d65fs876k_z73w0000gn/T/blockmgr-2812857b-0560-47eb-8e69-b97bec288cbf
21/01/20 16:56:11 INFO MemoryStore: MemoryStore started with capacity 912.3 MB
21/01/20 16:56:11 INFO SparkEnv: Registering OutputCommitCoordinator
21/01/20 16:56:11 INFO Utils: Successfully started service 'SparkUI' on port 4040.
21/01/20 16:56:11 INFO SparkUI: Bound SparkUI to 127.0.0.1, and started at http://localhost:4040
21/01/20 16:56:11 INFO SparkContext: Added JAR file:/Library/Frameworks/R.framework/Versions/3.6/Resources/library/sparklyr/java/sparklyr-2.4-2.11.jar at spark://localhost:53478/jars/sparklyr-2.4-2.11.jar with timestamp 1611161771619
21/01/20 16:56:11 INFO Executor: Starting executor ID driver on host localhost
21/01/20 16:56:11 INFO Utils: Successfully started service 'org.apache.spark.network.netty.NettyBlockTransferService' on port 53479.
21/01/20 16:56:11 INFO NettyBlockTransferService: Server created on localhost:53479
21/01/20 16:56:11 INFO BlockManager: Using org.apache.spark.storage.RandomBlockReplicationPolicy for block replication policy
21/01/20 16:56:11 INFO BlockManagerMaster: Registering BlockManager BlockManagerId(driver, localhost, 53479, None)
21/01/20 16:56:11 INFO BlockManagerMasterEndpoint: Registering block manager localhost:53479 with 912.3 MB RAM, BlockManagerId(driver, localhost, 53479, None)
21/01/20 16:56:11 INFO BlockManagerMaster: Registered BlockManager BlockManagerId(driver, localhost, 53479, None)
21/01/20 16:56:11 INFO BlockManager: Initialized BlockManager: BlockManagerId(driver, localhost, 53479, None)
21/01/20 16:56:12 INFO SharedState: loading hive config file: file:/Users/user/spark/spark-2.4.5-bin-hadoop2.7/conf/hive-site.xml
21/01/20 16:56:12 INFO SharedState: Setting hive.metastore.warehouse.dir ('null') to the value of spark.sql.warehouse.dir ('file:/Users/user/codeclan_homework_VeronikaM/week_11/day5/logistic_homework/spark-warehouse').
21/01/20 16:56:12 INFO SharedState: Warehouse path is 'file:/Users/user/codeclan_homework_VeronikaM/week_11/day5/logistic_homework/spark-warehouse'.
21/01/20 16:56:13 INFO StateStoreCoordinatorRef: Registered StateStoreCoordinator endpoint
21/01/20 16:56:16 INFO HiveUtils: Initializing HiveMetastoreConnection version 1.2.1 using Spark classes.
21/01/20 16:56:17 INFO HiveMetaStore: 0: Opening raw store with implemenation class:org.apache.hadoop.hive.metastore.ObjectStore
21/01/20 16:56:22 INFO ObjectStore: ObjectStore, initialize called
21/01/20 16:56:22 INFO Persistence: Property hive.metastore.integral.jdo.pushdown unknown - will be ignored
21/01/20 16:56:22 INFO Persistence: Property datanucleus.cache.level2 unknown - will be ignored
21/01/20 16:56:24 INFO ObjectStore: Setting MetaStore object pin classes with hive.metastore.cache.pinobjtypes="Table,StorageDescriptor,SerDeInfo,Partition,Database,Type,FieldSchema,Order"
21/01/20 16:56:25 INFO Datastore: The class "org.apache.hadoop.hive.metastore.model.MFieldSchema" is tagged as "embedded-only" so does not have its own datastore table.
21/01/20 16:56:25 INFO Datastore: The class "org.apache.hadoop.hive.metastore.model.MOrder" is tagged as "embedded-only" so does not have its own datastore table.
21/01/20 16:56:26 INFO Datastore: The class "org.apache.hadoop.hive.metastore.model.MFieldSchema" is tagged as "embedded-only" so does not have its own datastore table.
21/01/20 16:56:26 INFO Datastore: The class "org.apache.hadoop.hive.metastore.model.MOrder" is tagged as "embedded-only" so does not have its own datastore table.
21/01/20 16:56:26 INFO MetaStoreDirectSql: Using direct SQL, underlying DB is DERBY
21/01/20 16:56:26 INFO ObjectStore: Initialized ObjectStore
21/01/20 16:56:27 WARN ObjectStore: Version information not found in metastore. hive.metastore.schema.verification is not enabled so recording the schema version 1.2.0
21/01/20 16:56:27 WARN ObjectStore: Failed to get database default, returning NoSuchObjectException
21/01/20 16:56:27 INFO HiveMetaStore: Added admin role in metastore
21/01/20 16:56:27 INFO HiveMetaStore: Added public role in metastore
21/01/20 16:56:27 INFO HiveMetaStore: No user is added in admin role, since config is empty
21/01/20 16:56:27 INFO HiveMetaStore: 0: get_all_databases
21/01/20 16:56:27 INFO audit: ugi=user	ip=unknown-ip-addr	cmd=get_all_databases	
21/01/20 16:56:27 INFO HiveMetaStore: 0: get_functions: db=default pat=*
21/01/20 16:56:27 INFO audit: ugi=user	ip=unknown-ip-addr	cmd=get_functions: db=default pat=*	
21/01/20 16:56:27 INFO Datastore: The class "org.apache.hadoop.hive.metastore.model.MResourceUri" is tagged as "embedded-only" so does not have its own datastore table.
21/01/20 16:56:27 INFO SessionState: Created HDFS directory: /tmp/hive/user
21/01/20 16:56:27 INFO SessionState: Created local directory: /var/folders/15/zbncmf2j23d65fs876k_z73w0000gn/T/user
21/01/20 16:56:27 INFO SessionState: Created local directory: /var/folders/15/zbncmf2j23d65fs876k_z73w0000gn/T/63f602ea-eada-4b56-bb00-977fcc477889_resources
21/01/20 16:56:27 INFO SessionState: Created HDFS directory: /tmp/hive/user/63f602ea-eada-4b56-bb00-977fcc477889
21/01/20 16:56:27 INFO SessionState: Created local directory: /var/folders/15/zbncmf2j23d65fs876k_z73w0000gn/T/user/63f602ea-eada-4b56-bb00-977fcc477889
21/01/20 16:56:27 INFO SessionState: Created HDFS directory: /tmp/hive/user/63f602ea-eada-4b56-bb00-977fcc477889/_tmp_space.db
21/01/20 16:56:27 INFO HiveClientImpl: Warehouse location for Hive client (version 1.2.2) is file:/Users/user/codeclan_homework_VeronikaM/week_11/day5/logistic_homework/spark-warehouse
21/01/20 16:56:27 INFO HiveMetaStore: 0: get_database: default
21/01/20 16:56:27 INFO audit: ugi=user	ip=unknown-ip-addr	cmd=get_database: default	
21/01/20 16:56:27 INFO HiveMetaStore: 0: get_database: global_temp
21/01/20 16:56:27 INFO audit: ugi=user	ip=unknown-ip-addr	cmd=get_database: global_temp	
21/01/20 16:56:27 WARN ObjectStore: Failed to get database global_temp, returning NoSuchObjectException
21/01/20 16:56:27 INFO HiveMetaStore: 0: get_database: default
21/01/20 16:56:27 INFO audit: ugi=user	ip=unknown-ip-addr	cmd=get_database: default	
21/01/20 16:56:27 INFO HiveMetaStore: 0: get_database: default
21/01/20 16:56:27 INFO audit: ugi=user	ip=unknown-ip-addr	cmd=get_database: default	
21/01/20 16:56:27 INFO HiveMetaStore: 0: get_tables: db=default pat=*
21/01/20 16:56:27 INFO audit: ugi=user	ip=unknown-ip-addr	cmd=get_tables: db=default pat=*	
21/01/20 16:56:28 INFO SparkContext: Starting job: collect at utils.scala:46
21/01/20 16:56:28 INFO DAGScheduler: Got job 0 (collect at utils.scala:46) with 1 output partitions
21/01/20 16:56:28 INFO DAGScheduler: Final stage: ResultStage 0 (collect at utils.scala:46)
21/01/20 16:56:28 INFO DAGScheduler: Parents of final stage: List()
21/01/20 16:56:28 INFO DAGScheduler: Missing parents: List()
21/01/20 16:56:28 INFO DAGScheduler: Submitting ResultStage 0 (MapPartitionsRDD[5] at map at utils.scala:43), which has no missing parents
21/01/20 16:56:28 INFO MemoryStore: Block broadcast_0 stored as values in memory (estimated size 7.1 KB, free 912.3 MB)
21/01/20 16:56:28 INFO MemoryStore: Block broadcast_0_piece0 stored as bytes in memory (estimated size 4.1 KB, free 912.3 MB)
21/01/20 16:56:28 INFO BlockManagerInfo: Added broadcast_0_piece0 in memory on localhost:53479 (size: 4.1 KB, free: 912.3 MB)
21/01/20 16:56:28 INFO SparkContext: Created broadcast 0 from broadcast at DAGScheduler.scala:1163
21/01/20 16:56:28 INFO DAGScheduler: Submitting 1 missing tasks from ResultStage 0 (MapPartitionsRDD[5] at map at utils.scala:43) (first 15 tasks are for partitions Vector(0))
21/01/20 16:56:28 INFO TaskSchedulerImpl: Adding task set 0.0 with 1 tasks
21/01/20 16:56:29 INFO TaskSetManager: Starting task 0.0 in stage 0.0 (TID 0, localhost, executor driver, partition 0, PROCESS_LOCAL, 7893 bytes)
21/01/20 16:56:29 INFO Executor: Running task 0.0 in stage 0.0 (TID 0)
21/01/20 16:56:29 INFO Executor: Fetching spark://localhost:53478/jars/sparklyr-2.4-2.11.jar with timestamp 1611161771619
21/01/20 16:56:29 INFO TransportClientFactory: Successfully created connection to localhost/127.0.0.1:53478 after 50 ms (0 ms spent in bootstraps)
21/01/20 16:56:29 INFO Utils: Fetching spark://localhost:53478/jars/sparklyr-2.4-2.11.jar to /private/var/folders/15/zbncmf2j23d65fs876k_z73w0000gn/T/spark-3c5d073c-42e7-472e-aea4-2e0a87507717/userFiles-2cd97827-9737-43f3-91c9-a77d8bd2dc92/fetchFileTemp2399462905304615530.tmp
21/01/20 16:56:29 INFO Executor: Adding file:/private/var/folders/15/zbncmf2j23d65fs876k_z73w0000gn/T/spark-3c5d073c-42e7-472e-aea4-2e0a87507717/userFiles-2cd97827-9737-43f3-91c9-a77d8bd2dc92/sparklyr-2.4-2.11.jar to class loader
21/01/20 16:56:30 INFO CodeGenerator: Code generated in 1023.037198 ms
21/01/20 16:56:30 INFO Executor: Finished task 0.0 in stage 0.0 (TID 0). 1013 bytes result sent to driver
21/01/20 16:56:30 INFO TaskSetManager: Finished task 0.0 in stage 0.0 (TID 0) in 1893 ms on localhost (executor driver) (1/1)
21/01/20 16:56:30 INFO TaskSchedulerImpl: Removed TaskSet 0.0, whose tasks have all completed, from pool 
21/01/20 16:56:30 INFO DAGScheduler: ResultStage 0 (collect at utils.scala:46) finished in 2.245 s
21/01/20 16:56:30 INFO DAGScheduler: Job 0 finished: collect at utils.scala:46, took 2.336851 s
21/01/20 16:56:32 INFO HiveMetaStore: 0: get_database: default
21/01/20 16:56:32 INFO audit: ugi=user	ip=unknown-ip-addr	cmd=get_database: default	
21/01/20 16:56:32 INFO HiveMetaStore: 0: get_database: default
21/01/20 16:56:32 INFO audit: ugi=user	ip=unknown-ip-addr	cmd=get_database: default	
21/01/20 16:56:32 INFO HiveMetaStore: 0: get_tables: db=default pat=*
21/01/20 16:56:32 INFO audit: ugi=user	ip=unknown-ip-addr	cmd=get_tables: db=default pat=*	
21/01/20 16:56:32 INFO CodeGenerator: Code generated in 57.500299 ms
21/01/20 16:56:32 INFO CodeGenerator: Code generated in 162.737117 ms
21/01/20 16:56:32 INFO CodeGenerator: Code generated in 42.173357 ms
21/01/20 16:56:33 INFO CodeGenerator: Code generated in 48.31643 ms
21/01/20 16:56:33 INFO CodeGenerator: Code generated in 26.254994 ms
21/01/20 16:56:33 INFO SparkContext: Starting job: count at utils.scala:116
21/01/20 16:56:33 INFO DAGScheduler: Registering RDD 10 (count at utils.scala:116) as input to shuffle 0
21/01/20 16:56:33 INFO DAGScheduler: Got job 1 (count at utils.scala:116) with 1 output partitions
21/01/20 16:56:33 INFO DAGScheduler: Final stage: ResultStage 2 (count at utils.scala:116)
21/01/20 16:56:33 INFO DAGScheduler: Parents of final stage: List(ShuffleMapStage 1)
21/01/20 16:56:33 INFO DAGScheduler: Missing parents: List(ShuffleMapStage 1)
21/01/20 16:56:33 INFO DAGScheduler: Submitting ShuffleMapStage 1 (MapPartitionsRDD[10] at count at utils.scala:116), which has no missing parents
21/01/20 16:56:33 INFO MemoryStore: Block broadcast_1 stored as values in memory (estimated size 8.0 KB, free 912.3 MB)
21/01/20 16:56:33 INFO MemoryStore: Block broadcast_1_piece0 stored as bytes in memory (estimated size 4.3 KB, free 912.3 MB)
21/01/20 16:56:33 INFO BlockManagerInfo: Added broadcast_1_piece0 in memory on localhost:53479 (size: 4.3 KB, free: 912.3 MB)
21/01/20 16:56:33 INFO SparkContext: Created broadcast 1 from broadcast at DAGScheduler.scala:1163
21/01/20 16:56:33 INFO DAGScheduler: Submitting 1 missing tasks from ShuffleMapStage 1 (MapPartitionsRDD[10] at count at utils.scala:116) (first 15 tasks are for partitions Vector(0))
21/01/20 16:56:33 INFO TaskSchedulerImpl: Adding task set 1.0 with 1 tasks
21/01/20 16:56:33 INFO TaskSetManager: Starting task 0.0 in stage 1.0 (TID 1, localhost, executor driver, partition 0, PROCESS_LOCAL, 8017 bytes)
21/01/20 16:56:33 INFO Executor: Running task 0.0 in stage 1.0 (TID 1)
21/01/20 16:56:33 INFO Executor: Finished task 0.0 in stage 1.0 (TID 1). 1542 bytes result sent to driver
21/01/20 16:56:33 INFO TaskSetManager: Finished task 0.0 in stage 1.0 (TID 1) in 163 ms on localhost (executor driver) (1/1)
21/01/20 16:56:33 INFO TaskSchedulerImpl: Removed TaskSet 1.0, whose tasks have all completed, from pool 
21/01/20 16:56:33 INFO DAGScheduler: ShuffleMapStage 1 (count at utils.scala:116) finished in 0.205 s
21/01/20 16:56:33 INFO DAGScheduler: looking for newly runnable stages
21/01/20 16:56:33 INFO DAGScheduler: running: Set()
21/01/20 16:56:33 INFO DAGScheduler: waiting: Set(ResultStage 2)
21/01/20 16:56:33 INFO DAGScheduler: failed: Set()
21/01/20 16:56:33 INFO DAGScheduler: Submitting ResultStage 2 (MapPartitionsRDD[13] at count at utils.scala:116), which has no missing parents
21/01/20 16:56:33 INFO MemoryStore: Block broadcast_2 stored as values in memory (estimated size 7.3 KB, free 912.3 MB)
21/01/20 16:56:33 INFO MemoryStore: Block broadcast_2_piece0 stored as bytes in memory (estimated size 3.9 KB, free 912.3 MB)
21/01/20 16:56:33 INFO BlockManagerInfo: Added broadcast_2_piece0 in memory on localhost:53479 (size: 3.9 KB, free: 912.3 MB)
21/01/20 16:56:33 INFO SparkContext: Created broadcast 2 from broadcast at DAGScheduler.scala:1163
21/01/20 16:56:33 INFO DAGScheduler: Submitting 1 missing tasks from ResultStage 2 (MapPartitionsRDD[13] at count at utils.scala:116) (first 15 tasks are for partitions Vector(0))
21/01/20 16:56:33 INFO TaskSchedulerImpl: Adding task set 2.0 with 1 tasks
21/01/20 16:56:33 INFO TaskSetManager: Starting task 0.0 in stage 2.0 (TID 2, localhost, executor driver, partition 0, NODE_LOCAL, 7767 bytes)
21/01/20 16:56:33 INFO Executor: Running task 0.0 in stage 2.0 (TID 2)
21/01/20 16:56:33 INFO ShuffleBlockFetcherIterator: Getting 1 non-empty blocks including 1 local blocks and 0 remote blocks
21/01/20 16:56:33 INFO ShuffleBlockFetcherIterator: Started 0 remote fetches in 17 ms
21/01/20 16:56:33 INFO Executor: Finished task 0.0 in stage 2.0 (TID 2). 1825 bytes result sent to driver
21/01/20 16:56:33 INFO TaskSetManager: Finished task 0.0 in stage 2.0 (TID 2) in 114 ms on localhost (executor driver) (1/1)
21/01/20 16:56:33 INFO TaskSchedulerImpl: Removed TaskSet 2.0, whose tasks have all completed, from pool 
21/01/20 16:56:33 INFO DAGScheduler: ResultStage 2 (count at utils.scala:116) finished in 0.136 s
21/01/20 16:56:33 INFO DAGScheduler: Job 1 finished: count at utils.scala:116, took 0.397491 s
21/01/20 16:56:33 INFO HiveMetaStore: 0: get_database: default
21/01/20 16:56:33 INFO audit: ugi=user	ip=unknown-ip-addr	cmd=get_database: default	
21/01/20 16:56:33 INFO HiveMetaStore: 0: get_database: default
21/01/20 16:56:33 INFO audit: ugi=user	ip=unknown-ip-addr	cmd=get_database: default	
21/01/20 16:56:33 INFO HiveMetaStore: 0: get_tables: db=default pat=*
21/01/20 16:56:33 INFO audit: ugi=user	ip=unknown-ip-addr	cmd=get_tables: db=default pat=*	
21/01/20 16:56:34 INFO SparkContext: Starting job: count at utils.scala:116
21/01/20 16:56:34 INFO DAGScheduler: Registering RDD 17 (count at utils.scala:116) as input to shuffle 1
21/01/20 16:56:34 INFO DAGScheduler: Got job 2 (count at utils.scala:116) with 1 output partitions
21/01/20 16:56:34 INFO DAGScheduler: Final stage: ResultStage 4 (count at utils.scala:116)
21/01/20 16:56:34 INFO DAGScheduler: Parents of final stage: List(ShuffleMapStage 3)
21/01/20 16:56:34 INFO DAGScheduler: Missing parents: List(ShuffleMapStage 3)
21/01/20 16:56:34 INFO DAGScheduler: Submitting ShuffleMapStage 3 (MapPartitionsRDD[17] at count at utils.scala:116), which has no missing parents
21/01/20 16:56:34 INFO MemoryStore: Block broadcast_3 stored as values in memory (estimated size 8.0 KB, free 912.3 MB)
21/01/20 16:56:34 INFO MemoryStore: Block broadcast_3_piece0 stored as bytes in memory (estimated size 4.3 KB, free 912.3 MB)
21/01/20 16:56:34 INFO BlockManagerInfo: Added broadcast_3_piece0 in memory on localhost:53479 (size: 4.3 KB, free: 912.3 MB)
21/01/20 16:56:34 INFO SparkContext: Created broadcast 3 from broadcast at DAGScheduler.scala:1163
21/01/20 16:56:34 INFO DAGScheduler: Submitting 1 missing tasks from ShuffleMapStage 3 (MapPartitionsRDD[17] at count at utils.scala:116) (first 15 tasks are for partitions Vector(0))
21/01/20 16:56:34 INFO TaskSchedulerImpl: Adding task set 3.0 with 1 tasks
21/01/20 16:56:34 INFO TaskSetManager: Starting task 0.0 in stage 3.0 (TID 3, localhost, executor driver, partition 0, PROCESS_LOCAL, 8017 bytes)
21/01/20 16:56:34 INFO Executor: Running task 0.0 in stage 3.0 (TID 3)
21/01/20 16:56:34 INFO Executor: Finished task 0.0 in stage 3.0 (TID 3). 1499 bytes result sent to driver
21/01/20 16:56:34 INFO TaskSetManager: Finished task 0.0 in stage 3.0 (TID 3) in 23 ms on localhost (executor driver) (1/1)
21/01/20 16:56:34 INFO TaskSchedulerImpl: Removed TaskSet 3.0, whose tasks have all completed, from pool 
21/01/20 16:56:34 INFO DAGScheduler: ShuffleMapStage 3 (count at utils.scala:116) finished in 0.044 s
21/01/20 16:56:34 INFO DAGScheduler: looking for newly runnable stages
21/01/20 16:56:34 INFO DAGScheduler: running: Set()
21/01/20 16:56:34 INFO DAGScheduler: waiting: Set(ResultStage 4)
21/01/20 16:56:34 INFO DAGScheduler: failed: Set()
21/01/20 16:56:34 INFO DAGScheduler: Submitting ResultStage 4 (MapPartitionsRDD[20] at count at utils.scala:116), which has no missing parents
21/01/20 16:56:34 INFO MemoryStore: Block broadcast_4 stored as values in memory (estimated size 7.3 KB, free 912.2 MB)
21/01/20 16:56:34 INFO MemoryStore: Block broadcast_4_piece0 stored as bytes in memory (estimated size 3.9 KB, free 912.2 MB)
21/01/20 16:56:34 INFO BlockManagerInfo: Added broadcast_4_piece0 in memory on localhost:53479 (size: 3.9 KB, free: 912.3 MB)
21/01/20 16:56:34 INFO SparkContext: Created broadcast 4 from broadcast at DAGScheduler.scala:1163
21/01/20 16:56:34 INFO DAGScheduler: Submitting 1 missing tasks from ResultStage 4 (MapPartitionsRDD[20] at count at utils.scala:116) (first 15 tasks are for partitions Vector(0))
21/01/20 16:56:34 INFO TaskSchedulerImpl: Adding task set 4.0 with 1 tasks
21/01/20 16:56:34 INFO TaskSetManager: Starting task 0.0 in stage 4.0 (TID 4, localhost, executor driver, partition 0, NODE_LOCAL, 7767 bytes)
21/01/20 16:56:34 INFO Executor: Running task 0.0 in stage 4.0 (TID 4)
21/01/20 16:56:34 INFO ShuffleBlockFetcherIterator: Getting 1 non-empty blocks including 1 local blocks and 0 remote blocks
21/01/20 16:56:34 INFO ShuffleBlockFetcherIterator: Started 0 remote fetches in 0 ms
21/01/20 16:56:34 INFO Executor: Finished task 0.0 in stage 4.0 (TID 4). 1782 bytes result sent to driver
21/01/20 16:56:34 INFO TaskSetManager: Finished task 0.0 in stage 4.0 (TID 4) in 17 ms on localhost (executor driver) (1/1)
21/01/20 16:56:34 INFO TaskSchedulerImpl: Removed TaskSet 4.0, whose tasks have all completed, from pool 
21/01/20 16:56:34 INFO DAGScheduler: ResultStage 4 (count at utils.scala:116) finished in 0.042 s
21/01/20 16:56:34 INFO DAGScheduler: Job 2 finished: count at utils.scala:116, took 0.119317 s
21/01/20 16:56:34 INFO HiveMetaStore: 0: get_database: default
21/01/20 16:56:34 INFO audit: ugi=user	ip=unknown-ip-addr	cmd=get_database: default	
21/01/20 16:56:34 INFO HiveMetaStore: 0: get_database: default
21/01/20 16:56:34 INFO audit: ugi=user	ip=unknown-ip-addr	cmd=get_database: default	
21/01/20 16:56:34 INFO HiveMetaStore: 0: get_tables: db=default pat=*
21/01/20 16:56:34 INFO audit: ugi=user	ip=unknown-ip-addr	cmd=get_tables: db=default pat=*	
21/01/20 16:56:34 INFO SparkContext: Starting job: count at utils.scala:116
21/01/20 16:56:34 INFO DAGScheduler: Registering RDD 24 (count at utils.scala:116) as input to shuffle 2
21/01/20 16:56:34 INFO DAGScheduler: Got job 3 (count at utils.scala:116) with 1 output partitions
21/01/20 16:56:34 INFO DAGScheduler: Final stage: ResultStage 6 (count at utils.scala:116)
21/01/20 16:56:34 INFO DAGScheduler: Parents of final stage: List(ShuffleMapStage 5)
21/01/20 16:56:34 INFO DAGScheduler: Missing parents: List(ShuffleMapStage 5)
21/01/20 16:56:34 INFO DAGScheduler: Submitting ShuffleMapStage 5 (MapPartitionsRDD[24] at count at utils.scala:116), which has no missing parents
21/01/20 16:56:34 INFO MemoryStore: Block broadcast_5 stored as values in memory (estimated size 8.0 KB, free 912.2 MB)
21/01/20 16:56:34 INFO MemoryStore: Block broadcast_5_piece0 stored as bytes in memory (estimated size 4.3 KB, free 912.2 MB)
21/01/20 16:56:34 INFO BlockManagerInfo: Added broadcast_5_piece0 in memory on localhost:53479 (size: 4.3 KB, free: 912.3 MB)
21/01/20 16:56:34 INFO SparkContext: Created broadcast 5 from broadcast at DAGScheduler.scala:1163
21/01/20 16:56:34 INFO DAGScheduler: Submitting 1 missing tasks from ShuffleMapStage 5 (MapPartitionsRDD[24] at count at utils.scala:116) (first 15 tasks are for partitions Vector(0))
21/01/20 16:56:34 INFO TaskSchedulerImpl: Adding task set 5.0 with 1 tasks
21/01/20 16:56:34 INFO TaskSetManager: Starting task 0.0 in stage 5.0 (TID 5, localhost, executor driver, partition 0, PROCESS_LOCAL, 8017 bytes)
21/01/20 16:56:34 INFO Executor: Running task 0.0 in stage 5.0 (TID 5)
21/01/20 16:56:34 INFO Executor: Finished task 0.0 in stage 5.0 (TID 5). 1499 bytes result sent to driver
21/01/20 16:56:34 INFO TaskSetManager: Finished task 0.0 in stage 5.0 (TID 5) in 13 ms on localhost (executor driver) (1/1)
21/01/20 16:56:34 INFO TaskSchedulerImpl: Removed TaskSet 5.0, whose tasks have all completed, from pool 
21/01/20 16:56:34 INFO DAGScheduler: ShuffleMapStage 5 (count at utils.scala:116) finished in 0.031 s
21/01/20 16:56:34 INFO DAGScheduler: looking for newly runnable stages
21/01/20 16:56:34 INFO DAGScheduler: running: Set()
21/01/20 16:56:34 INFO DAGScheduler: waiting: Set(ResultStage 6)
21/01/20 16:56:34 INFO DAGScheduler: failed: Set()
21/01/20 16:56:34 INFO DAGScheduler: Submitting ResultStage 6 (MapPartitionsRDD[27] at count at utils.scala:116), which has no missing parents
21/01/20 16:56:34 INFO MemoryStore: Block broadcast_6 stored as values in memory (estimated size 7.3 KB, free 912.2 MB)
21/01/20 16:56:34 INFO MemoryStore: Block broadcast_6_piece0 stored as bytes in memory (estimated size 3.9 KB, free 912.2 MB)
21/01/20 16:56:34 INFO BlockManagerInfo: Added broadcast_6_piece0 in memory on localhost:53479 (size: 3.9 KB, free: 912.3 MB)
21/01/20 16:56:34 INFO SparkContext: Created broadcast 6 from broadcast at DAGScheduler.scala:1163
21/01/20 16:56:34 INFO DAGScheduler: Submitting 1 missing tasks from ResultStage 6 (MapPartitionsRDD[27] at count at utils.scala:116) (first 15 tasks are for partitions Vector(0))
21/01/20 16:56:34 INFO TaskSchedulerImpl: Adding task set 6.0 with 1 tasks
21/01/20 16:56:34 INFO TaskSetManager: Starting task 0.0 in stage 6.0 (TID 6, localhost, executor driver, partition 0, NODE_LOCAL, 7767 bytes)
21/01/20 16:56:34 INFO Executor: Running task 0.0 in stage 6.0 (TID 6)
21/01/20 16:56:34 INFO ShuffleBlockFetcherIterator: Getting 1 non-empty blocks including 1 local blocks and 0 remote blocks
21/01/20 16:56:34 INFO ShuffleBlockFetcherIterator: Started 0 remote fetches in 0 ms
21/01/20 16:56:34 INFO Executor: Finished task 0.0 in stage 6.0 (TID 6). 1782 bytes result sent to driver
21/01/20 16:56:34 INFO TaskSetManager: Finished task 0.0 in stage 6.0 (TID 6) in 8 ms on localhost (executor driver) (1/1)
21/01/20 16:56:34 INFO TaskSchedulerImpl: Removed TaskSet 6.0, whose tasks have all completed, from pool 
21/01/20 16:56:34 INFO DAGScheduler: ResultStage 6 (count at utils.scala:116) finished in 0.026 s
21/01/20 16:56:34 INFO DAGScheduler: Job 3 finished: count at utils.scala:116, took 0.069985 s
21/01/20 16:57:39 INFO SparkContext: Invoking stop() from shutdown hook
21/01/20 16:57:39 INFO SparkUI: Stopped Spark web UI at http://localhost:4040
21/01/20 16:57:39 INFO MapOutputTrackerMasterEndpoint: MapOutputTrackerMasterEndpoint stopped!
21/01/20 16:57:39 INFO MemoryStore: MemoryStore cleared
21/01/20 16:57:39 INFO BlockManager: BlockManager stopped
21/01/20 16:57:39 INFO BlockManagerMaster: BlockManagerMaster stopped
21/01/20 16:57:39 INFO OutputCommitCoordinator$OutputCommitCoordinatorEndpoint: OutputCommitCoordinator stopped!
21/01/20 16:57:39 INFO SparkContext: Successfully stopped SparkContext
21/01/20 16:57:39 INFO ShutdownHookManager: Shutdown hook called
21/01/20 16:57:39 INFO ShutdownHookManager: Deleting directory /private/var/folders/15/zbncmf2j23d65fs876k_z73w0000gn/T/spark-3c5d073c-42e7-472e-aea4-2e0a87507717
21/01/20 16:57:39 INFO ShutdownHookManager: Deleting directory /private/var/folders/15/zbncmf2j23d65fs876k_z73w0000gn/T/spark-3c410eeb-fc38-4b25-bc28-4204610b7c35
